<?xml version="1.0" encoding="UTF-8"?>
<testsuite xmlns:xsi="http://www.w3.org/2001/XMLSchema-instance" xsi:noNamespaceSchemaLocation="https://maven.apache.org/surefire/maven-surefire-plugin/xsd/surefire-test-report.xsd" version="3.0.2" name="com.example.trablho_prog_web.TrablhoProgWebApplicationTests" time="6.467" tests="1" errors="0" skipped="0" failures="0">
  <properties>
[...]
</properties>
  <testcase name="contextLoads" classname="com.example.trablho_prog_web.TrablhoProgWebApplicationTests" time="1.572">
    <system-out><![CDATA[03:09:49.475 [main] INFO org.springframework.test.context.support.AnnotationConfigContextLoaderUtils -- Could not detect default configuration classes for test class [com.example.trablho_prog_web.TrablhoProgWebApplicationTests]: TrablhoProgWebApplicationTests does not declare any static, non-private, non-final, nested classes annotated with @Configuration.
03:09:49.799 [main] INFO org.springframework.boot.test.context.SpringBootTestContextBootstrapper -- Found @SpringBootConfiguration com.example.trablho_prog_web.TrablhoProgWebApplication for test class com.example.trablho_prog_web.TrablhoProgWebApplicationTests

  .   ____          _            __ _ _
 /\\ / ___'_ __ _ _(_)_ __  __ _ \ \ \ \
( ( )\___ | '_ | '_| | '_ \/ _` | \ \ \ \
 \\/  ___)| |_)| | | | | || (_| |  ) ) ) )
  '  |____| .__|_| |_|_| |_\__, | / / / /
 =========|_|==============|___/=/_/_/_/

 :: Spring Boot ::                (v3.4.2)

2025-02-20T03:09:50.626-03:00  INFO 5692 --- [trablho-prog-web] [           main] c.e.t.TrablhoProgWebApplicationTests     : Starting TrablhoProgWebApplicationTests using Java 19.0.2 with PID 5692 (started by rapha in C:\Users\rapha\OneDrive\Documentos\Programação faculdade\Programaçao Web Disciplina\trablho-prog-web\trablho-prog-web)
2025-02-20T03:09:50.630-03:00  INFO 5692 --- [trablho-prog-web] [           main] c.e.t.TrablhoProgWebApplicationTests     : No active profile set, falling back to 1 default profile: "default"
2025-02-20T03:09:53.246-03:00  INFO 5692 --- [trablho-prog-web] [           main] o.s.v.b.OptionalValidatorFactoryBean     : Failed to set up a Bean Validation provider: jakarta.validation.NoProviderFoundException: Unable to create a Configuration, because no Jakarta Bean Validation provider could be found. Add a provider like Hibernate Validator (RI) to your classpath.
2025-02-20T03:09:53.856-03:00  INFO 5692 --- [trablho-prog-web] [           main] c.e.t.TrablhoProgWebApplicationTests     : Started TrablhoProgWebApplicationTests in 3.746 seconds (process running for 5.881)
]]></system-out>
  </testcase>
</testsuite>